"Start of log file."
"D:/Unity/Chicken2/Assets/3DSmax/Scenes/Ducky2Blink1.max"
"Starting max loading and fbx conversion"
window = undefined
"Settings units"
"Before fbx export"
"After fbx export"
"Finished max loading and fbx conversion"
"D:/Unity/Chicken2/Assets/3DSmax/Scenes/Ducky2Land1.max"
"Starting max loading and fbx conversion"
window = undefined
"Settings units"
"Before fbx export"
"After fbx export"
"Finished max loading and fbx conversion"
"D:/Unity/Chicken2/Assets/3DSmax/Scenes/Ducky2Walk1.max"
"Starting max loading and fbx conversion"
window = undefined
"Settings units"
"Before fbx export"
"After fbx export"
"Finished max loading and fbx conversion"
"D:/Unity/Chicken2/Assets/3DSmax/Scenes/Ducky2.max"
"Starting max loading and fbx conversion"
window = undefined
"Settings units"
"Before fbx export"
"After fbx export"
"Finished max loading and fbx conversion"
"D:/Unity/Chicken2/Assets/3DSmax/Scenes/Ducky2Jump.max"
"Starting max loading and fbx conversion"
window = undefined
"Settings units"
"Before fbx export"
"After fbx export"
"Finished max loading and fbx conversion"
"D:/Unity/Chicken2/Assets/3DSmax/Scenes/Ducky2idle.max"
"Starting max loading and fbx conversion"
window = undefined
"Settings units"
"Before fbx export"
"After fbx export"
"Finished max loading and fbx conversion"
